<?xml version="1.0" encoding="UTF-8"?>
<!-- Generated by org.testng.reporters.JUnitXMLReporter -->
<testsuite ignored="2" hostname="Dragoss-MacBook-Air.local" failures="0" tests="1" name="Default test" time="9.262" errors="0" timestamp="2023-03-31T11:43:43 EEST">
  <testcase classname="mobileAutomation.ExerciseProject.AndroidBasics" name="AccessPreferences" time="2.078"/>
  <testcase classname="mobileAutomation.ExerciseProject.AndroidBasics" name="PlayAction" time="0.0">
    <ignored/>
  </testcase> <!-- PlayAction -->
  <testcase classname="mobileAutomation.ExerciseProject.AndroidBasics" name="AccessAnimations" time="0.0">
    <ignored/>
  </testcase> <!-- AccessAnimations -->
</testsuite> <!-- Default test -->
