<?xml version="1.0" encoding="UTF-8"?>
<!-- Generated by org.testng.reporters.JUnitXMLReporter -->
<testsuite ignored="0" hostname="Dragoss-MacBook-Air.local" failures="0" tests="3" name="Main Tests" time="9.515" errors="0" timestamp="2023-03-30T16:16:19 EEST">
  <testcase classname="mobileAutomation.ExerciseProject.AndroidBasics" name="AccessPreferences" time="1.69"/>
  <testcase classname="mobileAutomation.ExerciseProject.AndroidBasics" name="AccessAnimations" time="1.382"/>
  <testcase classname="mobileAutomation.ExerciseProject.AndroidBasics" name="PlayAction" time="0.08"/>
</testsuite> <!-- Main Tests -->
