<?xml version="1.0" encoding="UTF-8"?>
<testng-results ignored="0" total="4" passed="4" failed="0" skipped="0">
  <reporter-output>
  </reporter-output>
  <suite started-at="2023-03-30T09:12:58 EEST" name="Suite" finished-at="2023-03-30T09:13:16 EEST" duration-ms="17375">
    <groups>
    </groups>
    <test started-at="2023-03-30T09:12:58 EEST" name="Main Tests" finished-at="2023-03-30T09:13:08 EEST" duration-ms="9922">
      <class name="mobileAutomation.ExerciseProject.AndroidBasics">
        <test-method is-config="true" signature="ConfigureAppium()[pri:0, instance:mobileAutomation.ExerciseProject.AndroidBasics@7c469c48]" started-at="2023-03-30T09:12:59 EEST" name="ConfigureAppium" finished-at="2023-03-30T09:13:05 EEST" duration-ms="6279" status="PASS">
          <reporter-output>
          </reporter-output>
        </test-method> <!-- ConfigureAppium -->
        <test-method signature="AccessPreferences()[pri:1, instance:mobileAutomation.ExerciseProject.AndroidBasics@7c469c48]" started-at="2023-03-30T09:13:05 EEST" name="AccessPreferences" finished-at="2023-03-30T09:13:07 EEST" duration-ms="2124" status="PASS">
          <reporter-output>
          </reporter-output>
        </test-method> <!-- AccessPreferences -->
        <test-method signature="AccessAnimations()[pri:2, instance:mobileAutomation.ExerciseProject.AndroidBasics@7c469c48]" started-at="2023-03-30T09:13:07 EEST" name="AccessAnimations" finished-at="2023-03-30T09:13:08 EEST" duration-ms="1390" status="PASS">
          <reporter-output>
          </reporter-output>
        </test-method> <!-- AccessAnimations -->
        <test-method signature="PlayAction()[pri:3, instance:mobileAutomation.ExerciseProject.AndroidBasics@7c469c48]" started-at="2023-03-30T09:13:08 EEST" name="PlayAction" finished-at="2023-03-30T09:13:08 EEST" duration-ms="106" status="PASS">
          <reporter-output>
          </reporter-output>
        </test-method> <!-- PlayAction -->
      </class> <!-- mobileAutomation.ExerciseProject.AndroidBasics -->
    </test> <!-- Main Tests -->
    <test started-at="2023-03-30T09:13:08 EEST" name="Secondary Tests" finished-at="2023-03-30T09:13:16 EEST" duration-ms="7418">
      <class name="mobileAutomation.ExerciseProject.OtherTests">
        <test-method is-config="true" signature="ConfigureAppium()[pri:0, instance:mobileAutomation.ExerciseProject.OtherTests@10e92f8f]" started-at="2023-03-30T09:13:08 EEST" name="ConfigureAppium" finished-at="2023-03-30T09:13:14 EEST" duration-ms="5239" status="PASS">
          <reporter-output>
          </reporter-output>
        </test-method> <!-- ConfigureAppium -->
        <test-method signature="AccessPreferences()[pri:4, instance:mobileAutomation.ExerciseProject.OtherTests@10e92f8f]" started-at="2023-03-30T09:13:14 EEST" name="AccessPreferences" finished-at="2023-03-30T09:13:16 EEST" duration-ms="2178" status="PASS">
          <reporter-output>
          </reporter-output>
        </test-method> <!-- AccessPreferences -->
      </class> <!-- mobileAutomation.ExerciseProject.OtherTests -->
    </test> <!-- Secondary Tests -->
  </suite> <!-- Suite -->
</testng-results>
