<?xml version="1.0" encoding="UTF-8"?>
<testsuite xmlns:xsi="http://www.w3.org/2001/XMLSchema-instance" xsi:noNamespaceSchemaLocation="https://maven.apache.org/surefire/maven-surefire-plugin/xsd/surefire-test-report-3.0.xsd" version="3.0" name="TestSuite" time="26.037" tests="5" errors="0" skipped="0" failures="0">
  <properties>
[...]
</properties>
  <testcase name="AccessPreferences" classname="mobileAutomation.ExerciseProject.AndroidBasics" time="2.169">
    <system-err><![CDATA[SLF4J: No SLF4J providers were found.
SLF4J: Defaulting to no-operation (NOP) logger implementation
SLF4J: See https://www.slf4j.org/codes.html#noProviders for further details.
]]></system-err>
  </testcase>
  <testcase name="AccessAnimations" classname="mobileAutomation.ExerciseProject.AndroidBasics" time="1.402"/>
  <testcase name="PlayAction" classname="mobileAutomation.ExerciseProject.AndroidBasics" time="0.105"/>
  <testcase name="AccessPreferences" classname="mobileAutomation.ExerciseProject.OtherTests" time="2.155"/>
  <testcase name="OnOffTrigger" classname="mobileAutomation.ExerciseProject.AssertionTest" time="4.217"/>
</testsuite>