<?xml version="1.0" encoding="UTF-8"?>
<testng-results ignored="0" total="1" passed="1" failed="0" skipped="0">
  <reporter-output>
  </reporter-output>
  <suite started-at="2023-04-03T10:33:10 EEST" name="Default suite" finished-at="2023-04-03T10:33:24 EEST" duration-ms="14044">
    <groups>
    </groups>
    <test started-at="2023-04-03T10:33:10 EEST" name="Default test" finished-at="2023-04-03T10:33:24 EEST" duration-ms="14044">
      <class name="mobileAutomation.ExerciseProject.Landscape">
        <test-method is-config="true" signature="ConfigureAppium()[pri:0, instance:mobileAutomation.ExerciseProject.Landscape@41fbdac4]" started-at="2023-04-03T10:33:10 EEST" name="ConfigureAppium" finished-at="2023-04-03T10:33:14 EEST" duration-ms="4297" status="PASS">
          <reporter-output>
          </reporter-output>
        </test-method> <!-- ConfigureAppium -->
        <test-method signature="AccessPreferences()[pri:1, instance:mobileAutomation.ExerciseProject.Landscape@41fbdac4]" started-at="2023-04-03T10:33:14 EEST" name="AccessPreferences" finished-at="2023-04-03T10:33:24 EEST" duration-ms="9727" status="PASS">
          <reporter-output>
          </reporter-output>
        </test-method> <!-- AccessPreferences -->
      </class> <!-- mobileAutomation.ExerciseProject.Landscape -->
    </test> <!-- Default test -->
  </suite> <!-- Default suite -->
</testng-results>
